2026-02-20 04:52:52 [background-preinit] INFO  o.h.validator.internal.util.Version - HV000001: Hibernate Validator 8.0.2.Final
2026-02-20 04:52:52 [restartedMain] INFO  c.b.o.backendSpringApplication - Starting backendSpringApplication using Java 17.0.18 with PID 4410 (/home/ubuntu/onemore_project/one-more-springbackend-server/backend-spring/build/classes/java/main started by ubuntu in /home/ubuntu/onemore_project/one-more-springbackend-server/backend-spring)
2026-02-20 04:52:52 [restartedMain] DEBUG c.b.o.backendSpringApplication - Running with Spring Boot v3.4.1, Spring v6.2.1
2026-02-20 04:52:52 [restartedMain] INFO  c.b.o.backendSpringApplication - The following 1 profile is active: "prod"
2026-02-20 04:52:52 [restartedMain] INFO  o.s.b.d.e.DevToolsPropertyDefaultsPostProcessor - Devtools property defaults active! Set 'spring.devtools.add-properties' to 'false' to disable
2026-02-20 04:52:52 [restartedMain] INFO  o.s.b.d.e.DevToolsPropertyDefaultsPostProcessor - For additional web related logging consider setting the 'logging.level.web' property to 'DEBUG'
2026-02-20 04:52:54 [restartedMain] INFO  o.s.d.r.c.RepositoryConfigurationDelegate - Bootstrapping Spring Data JPA repositories in DEFAULT mode.
2026-02-20 04:52:54 [restartedMain] INFO  o.s.d.r.c.RepositoryConfigurationDelegate - Finished Spring Data repository scanning in 130 ms. Found 3 JPA repository interfaces.
2026-02-20 04:52:54 [restartedMain] INFO  o.s.b.w.e.tomcat.TomcatWebServer - Tomcat initialized with port 8080 (http)
2026-02-20 04:52:54 [restartedMain] INFO  o.a.coyote.http11.Http11NioProtocol - Initializing ProtocolHandler ["http-nio-8080"]
2026-02-20 04:52:54 [restartedMain] INFO  o.a.catalina.core.StandardService - Starting service [Tomcat]
2026-02-20 04:52:54 [restartedMain] INFO  o.a.catalina.core.StandardEngine - Starting Servlet engine: [Apache Tomcat/10.1.34]
2026-02-20 04:52:54 [restartedMain] INFO  o.a.c.c.C.[Tomcat].[localhost].[/] - Initializing Spring embedded WebApplicationContext
2026-02-20 04:52:54 [restartedMain] INFO  o.s.b.w.s.c.ServletWebServerApplicationContext - Root WebApplicationContext: initialization completed in 2251 ms
2026-02-20 04:52:55 [restartedMain] INFO  o.h.jpa.internal.util.LogHelper - HHH000204: Processing PersistenceUnitInfo [name: default]
2026-02-20 04:52:55 [restartedMain] INFO  org.hibernate.Version - HHH000412: Hibernate ORM core version 6.6.4.Final
2026-02-20 04:52:55 [restartedMain] INFO  o.h.c.i.RegionFactoryInitiator - HHH000026: Second-level cache disabled
2026-02-20 04:52:55 [restartedMain] INFO  o.s.o.j.p.SpringPersistenceUnitInfo - No LoadTimeWeaver setup: ignoring JPA class transformer
2026-02-20 04:52:55 [restartedMain] INFO  com.zaxxer.hikari.HikariDataSource - HikariPool-1 - Starting...
2026-02-20 04:52:55 [restartedMain] INFO  com.zaxxer.hikari.pool.HikariPool - HikariPool-1 - Added connection org.postgresql.jdbc.PgConnection@58b3386b
2026-02-20 04:52:55 [restartedMain] INFO  com.zaxxer.hikari.HikariDataSource - HikariPool-1 - Start completed.
2026-02-20 04:52:55 [restartedMain] WARN  org.hibernate.orm.deprecation - HHH90000025: PostgreSQLDialect does not need to be specified explicitly using 'hibernate.dialect' (remove the property setting and it will be selected by default)
2026-02-20 04:52:55 [restartedMain] INFO  o.hibernate.orm.connections.pooling - HHH10001005: Database info:
	Database JDBC URL [Connecting through datasource 'HikariDataSource (HikariPool-1)']
	Database driver: undefined/unknown
	Database version: 17.6
	Autocommit mode: undefined/unknown
	Isolation level: undefined/unknown
	Minimum pool size: undefined/unknown
	Maximum pool size: undefined/unknown
2026-02-20 04:52:57 [restartedMain] INFO  o.h.e.t.j.p.i.JtaPlatformInitiator - HHH000489: No JTA platform available (set 'hibernate.transaction.jta.platform' to enable JTA platform integration)
2026-02-20 04:52:57 [restartedMain] INFO  o.s.o.j.LocalContainerEntityManagerFactoryBean - Initialized JPA EntityManagerFactory for persistence unit 'default'
2026-02-20 04:52:57 [restartedMain] INFO  o.s.d.j.r.query.QueryEnhancerFactory - Hibernate is in classpath; If applicable, HQL parser will be used.
2026-02-20 04:52:58 [restartedMain] INFO  c.b.o.i.ai.RealAiClientService - [prod] RealAiClientService가 초기화되었습니다. Target URL: http://3.213.193.49:8000
2026-02-20 04:52:58 [restartedMain] WARN  o.s.b.a.o.j.JpaBaseConfiguration$JpaWebConfiguration - spring.jpa.open-in-view is enabled by default. Therefore, database queries may be performed during view rendering. Explicitly configure spring.jpa.open-in-view to disable this warning
2026-02-20 04:52:58 [restartedMain] INFO  o.s.b.d.a.OptionalLiveReloadServer - LiveReload server is running on port 35729
2026-02-20 04:52:58 [restartedMain] INFO  o.a.coyote.http11.Http11NioProtocol - Starting ProtocolHandler ["http-nio-8080"]
2026-02-20 04:52:58 [restartedMain] INFO  o.s.b.w.e.tomcat.TomcatWebServer - Tomcat started on port 8080 (http) with context path '/'
2026-02-20 04:52:58 [restartedMain] INFO  c.b.o.backendSpringApplication - Started backendSpringApplication in 6.803 seconds (process running for 7.382)
2026-02-20 04:53:05 [http-nio-8080-exec-1] INFO  o.a.c.c.C.[Tomcat].[localhost].[/] - Initializing Spring DispatcherServlet 'dispatcherServlet'
2026-02-20 04:53:05 [http-nio-8080-exec-1] INFO  o.s.web.servlet.DispatcherServlet - Initializing Servlet 'dispatcherServlet'
2026-02-20 04:53:05 [http-nio-8080-exec-1] INFO  o.s.web.servlet.DispatcherServlet - Completed initialization in 2 ms
2026-02-20 04:53:06 [http-nio-8080-exec-1] INFO  c.b.o.d.i.IngredientController - GET /api/ingredients 요청 수신
2026-02-20 04:53:06 [http-nio-8080-exec-2] INFO  c.b.o.d.i.IngredientController - GET /api/ingredients 요청 수신
2026-02-20 04:53:06 [http-nio-8080-exec-3] INFO  c.b.o.d.i.IngredientController - GET /api/ingredients 요청 수신
2026-02-20 04:53:06 [http-nio-8080-exec-1] INFO  c.b.o.d.i.IngredientController - 재료 데이터 2526개 조회 완료
2026-02-20 04:53:06 [http-nio-8080-exec-3] INFO  c.b.o.d.i.IngredientController - 재료 데이터 2526개 조회 완료
2026-02-20 04:53:06 [http-nio-8080-exec-2] INFO  c.b.o.d.i.IngredientController - 재료 데이터 2526개 조회 완료
2026-02-20 04:53:35 [http-nio-8080-exec-4] INFO  c.b.o.d.i.IngredientController - GET /api/ingredients 요청 수신
2026-02-20 04:53:35 [http-nio-8080-exec-4] INFO  c.b.o.d.i.IngredientController - 재료 데이터 2526개 조회 완료
2026-02-20 04:53:36 [http-nio-8080-exec-5] INFO  c.b.o.d.i.IngredientController - GET /api/ingredients 요청 수신
2026-02-20 04:53:36 [http-nio-8080-exec-6] INFO  c.b.o.d.i.IngredientController - GET /api/ingredients 요청 수신
2026-02-20 04:53:36 [http-nio-8080-exec-5] INFO  c.b.o.d.i.IngredientController - 재료 데이터 2526개 조회 완료
2026-02-20 04:53:36 [http-nio-8080-exec-6] INFO  c.b.o.d.i.IngredientController - 재료 데이터 2526개 조회 완료
2026-02-20 04:54:05 [http-nio-8080-exec-7] INFO  c.b.o.d.i.IngredientController - GET /api/ingredients 요청 수신
2026-02-20 04:54:05 [http-nio-8080-exec-7] INFO  c.b.o.d.i.IngredientController - 재료 데이터 2526개 조회 완료
2026-02-20 04:54:06 [http-nio-8080-exec-8] INFO  c.b.o.d.i.IngredientController - GET /api/ingredients 요청 수신
2026-02-20 04:54:06 [http-nio-8080-exec-9] INFO  c.b.o.d.i.IngredientController - GET /api/ingredients 요청 수신
2026-02-20 04:54:06 [http-nio-8080-exec-8] INFO  c.b.o.d.i.IngredientController - 재료 데이터 2526개 조회 완료
2026-02-20 04:54:06 [http-nio-8080-exec-9] INFO  c.b.o.d.i.IngredientController - 재료 데이터 2526개 조회 완료
2026-02-20 04:54:35 [http-nio-8080-exec-10] INFO  c.b.o.d.i.IngredientController - GET /api/ingredients 요청 수신
2026-02-20 04:54:36 [http-nio-8080-exec-10] INFO  c.b.o.d.i.IngredientController - 재료 데이터 2526개 조회 완료
2026-02-20 04:54:36 [http-nio-8080-exec-3] INFO  c.b.o.d.i.IngredientController - GET /api/ingredients 요청 수신
2026-02-20 04:54:36 [http-nio-8080-exec-1] INFO  c.b.o.d.i.IngredientController - GET /api/ingredients 요청 수신
2026-02-20 04:54:36 [http-nio-8080-exec-3] INFO  c.b.o.d.i.IngredientController - 재료 데이터 2526개 조회 완료
2026-02-20 04:54:36 [http-nio-8080-exec-1] INFO  c.b.o.d.i.IngredientController - 재료 데이터 2526개 조회 완료
2026-02-20 04:55:05 [http-nio-8080-exec-2] INFO  c.b.o.d.i.IngredientController - GET /api/ingredients 요청 수신
2026-02-20 04:55:06 [http-nio-8080-exec-2] INFO  c.b.o.d.i.IngredientController - 재료 데이터 2526개 조회 완료
2026-02-20 04:55:06 [http-nio-8080-exec-4] INFO  c.b.o.d.i.IngredientController - GET /api/ingredients 요청 수신
2026-02-20 04:55:06 [http-nio-8080-exec-5] INFO  c.b.o.d.i.IngredientController - GET /api/ingredients 요청 수신
2026-02-20 04:55:06 [http-nio-8080-exec-4] INFO  c.b.o.d.i.IngredientController - 재료 데이터 2526개 조회 완료
2026-02-20 04:55:06 [http-nio-8080-exec-5] INFO  c.b.o.d.i.IngredientController - 재료 데이터 2526개 조회 완료
2026-02-20 04:55:36 [http-nio-8080-exec-6] INFO  c.b.o.d.i.IngredientController - GET /api/ingredients 요청 수신
2026-02-20 04:55:36 [http-nio-8080-exec-6] INFO  c.b.o.d.i.IngredientController - 재료 데이터 2526개 조회 완료
2026-02-20 04:55:36 [http-nio-8080-exec-7] INFO  c.b.o.d.i.IngredientController - GET /api/ingredients 요청 수신
2026-02-20 04:55:36 [http-nio-8080-exec-8] INFO  c.b.o.d.i.IngredientController - GET /api/ingredients 요청 수신
2026-02-20 04:55:36 [http-nio-8080-exec-7] INFO  c.b.o.d.i.IngredientController - 재료 데이터 2526개 조회 완료
2026-02-20 04:55:36 [http-nio-8080-exec-8] INFO  c.b.o.d.i.IngredientController - 재료 데이터 2526개 조회 완료
2026-02-20 04:56:06 [http-nio-8080-exec-9] INFO  c.b.o.d.i.IngredientController - GET /api/ingredients 요청 수신
2026-02-20 04:56:06 [http-nio-8080-exec-9] INFO  c.b.o.d.i.IngredientController - 재료 데이터 2526개 조회 완료
2026-02-20 04:56:06 [http-nio-8080-exec-10] INFO  c.b.o.d.i.IngredientController - GET /api/ingredients 요청 수신
2026-02-20 04:56:06 [http-nio-8080-exec-3] INFO  c.b.o.d.i.IngredientController - GET /api/ingredients 요청 수신
2026-02-20 04:56:06 [http-nio-8080-exec-10] INFO  c.b.o.d.i.IngredientController - 재료 데이터 2526개 조회 완료
2026-02-20 04:56:06 [http-nio-8080-exec-3] INFO  c.b.o.d.i.IngredientController - 재료 데이터 2526개 조회 완료
2026-02-20 04:56:36 [http-nio-8080-exec-1] INFO  c.b.o.d.i.IngredientController - GET /api/ingredients 요청 수신
2026-02-20 04:56:36 [http-nio-8080-exec-1] INFO  c.b.o.d.i.IngredientController - 재료 데이터 2526개 조회 완료
2026-02-20 04:56:36 [http-nio-8080-exec-2] INFO  c.b.o.d.i.IngredientController - GET /api/ingredients 요청 수신
2026-02-20 04:56:36 [http-nio-8080-exec-5] INFO  c.b.o.d.i.IngredientController - GET /api/ingredients 요청 수신
2026-02-20 04:56:36 [http-nio-8080-exec-5] INFO  c.b.o.d.i.IngredientController - 재료 데이터 2526개 조회 완료
2026-02-20 04:56:36 [http-nio-8080-exec-2] INFO  c.b.o.d.i.IngredientController - 재료 데이터 2526개 조회 완료
2026-02-20 04:57:06 [http-nio-8080-exec-5] INFO  c.b.o.d.i.IngredientController - GET /api/ingredients 요청 수신
2026-02-20 04:57:06 [http-nio-8080-exec-5] INFO  c.b.o.d.i.IngredientController - 재료 데이터 2526개 조회 완료
2026-02-20 04:57:06 [http-nio-8080-exec-2] INFO  c.b.o.d.i.IngredientController - GET /api/ingredients 요청 수신
2026-02-20 04:57:06 [http-nio-8080-exec-6] INFO  c.b.o.d.i.IngredientController - GET /api/ingredients 요청 수신
2026-02-20 04:57:06 [http-nio-8080-exec-2] INFO  c.b.o.d.i.IngredientController - 재료 데이터 2526개 조회 완료
2026-02-20 04:57:06 [http-nio-8080-exec-6] INFO  c.b.o.d.i.IngredientController - 재료 데이터 2526개 조회 완료
2026-02-20 04:57:36 [http-nio-8080-exec-4] INFO  c.b.o.d.i.IngredientController - GET /api/ingredients 요청 수신
2026-02-20 04:57:36 [http-nio-8080-exec-4] INFO  c.b.o.d.i.IngredientController - 재료 데이터 2526개 조회 완료
2026-02-20 04:57:36 [http-nio-8080-exec-5] INFO  c.b.o.d.i.IngredientController - GET /api/ingredients 요청 수신
2026-02-20 04:57:36 [http-nio-8080-exec-2] INFO  c.b.o.d.i.IngredientController - GET /api/ingredients 요청 수신
2026-02-20 04:57:36 [http-nio-8080-exec-5] INFO  c.b.o.d.i.IngredientController - 재료 데이터 2526개 조회 완료
2026-02-20 04:57:36 [http-nio-8080-exec-2] INFO  c.b.o.d.i.IngredientController - 재료 데이터 2526개 조회 완료
2026-02-20 04:58:06 [http-nio-8080-exec-9] INFO  c.b.o.d.i.IngredientController - GET /api/ingredients 요청 수신
2026-02-20 04:58:06 [http-nio-8080-exec-9] INFO  c.b.o.d.i.IngredientController - 재료 데이터 2526개 조회 완료
2026-02-20 04:58:06 [http-nio-8080-exec-10] INFO  c.b.o.d.i.IngredientController - GET /api/ingredients 요청 수신
2026-02-20 04:58:06 [http-nio-8080-exec-3] INFO  c.b.o.d.i.IngredientController - GET /api/ingredients 요청 수신
2026-02-20 04:58:06 [http-nio-8080-exec-10] INFO  c.b.o.d.i.IngredientController - 재료 데이터 2526개 조회 완료
2026-02-20 04:58:06 [http-nio-8080-exec-3] INFO  c.b.o.d.i.IngredientController - 재료 데이터 2526개 조회 완료
2026-02-20 04:58:36 [http-nio-8080-exec-10] INFO  c.b.o.d.i.IngredientController - GET /api/ingredients 요청 수신
2026-02-20 04:58:36 [http-nio-8080-exec-10] INFO  c.b.o.d.i.IngredientController - 재료 데이터 2526개 조회 완료
2026-02-20 04:58:36 [http-nio-8080-exec-3] INFO  c.b.o.d.i.IngredientController - GET /api/ingredients 요청 수신
2026-02-20 04:58:36 [http-nio-8080-exec-1] INFO  c.b.o.d.i.IngredientController - GET /api/ingredients 요청 수신
2026-02-20 04:58:36 [http-nio-8080-exec-3] INFO  c.b.o.d.i.IngredientController - 재료 데이터 2526개 조회 완료
2026-02-20 04:58:36 [http-nio-8080-exec-1] INFO  c.b.o.d.i.IngredientController - 재료 데이터 2526개 조회 완료
2026-02-20 04:59:06 [http-nio-8080-exec-4] INFO  c.b.o.d.i.IngredientController - GET /api/ingredients 요청 수신
2026-02-20 04:59:06 [http-nio-8080-exec-4] INFO  c.b.o.d.i.IngredientController - 재료 데이터 2526개 조회 완료
2026-02-20 04:59:06 [http-nio-8080-exec-5] INFO  c.b.o.d.i.IngredientController - GET /api/ingredients 요청 수신
2026-02-20 04:59:06 [http-nio-8080-exec-2] INFO  c.b.o.d.i.IngredientController - GET /api/ingredients 요청 수신
2026-02-20 04:59:06 [http-nio-8080-exec-5] INFO  c.b.o.d.i.IngredientController - 재료 데이터 2526개 조회 완료
2026-02-20 04:59:06 [http-nio-8080-exec-2] INFO  c.b.o.d.i.IngredientController - 재료 데이터 2526개 조회 완료
2026-02-20 04:59:27 [SpringApplicationShutdownHook] INFO  o.s.b.w.e.tomcat.GracefulShutdown - Commencing graceful shutdown. Waiting for active requests to complete
2026-02-20 04:59:27 [tomcat-shutdown] INFO  o.s.b.w.e.tomcat.GracefulShutdown - Graceful shutdown complete
2026-02-20 04:59:27 [SpringApplicationShutdownHook] INFO  o.s.o.j.LocalContainerEntityManagerFactoryBean - Closing JPA EntityManagerFactory for persistence unit 'default'
2026-02-20 04:59:27 [SpringApplicationShutdownHook] INFO  com.zaxxer.hikari.HikariDataSource - HikariPool-1 - Shutdown initiated...
2026-02-20 04:59:27 [SpringApplicationShutdownHook] INFO  com.zaxxer.hikari.HikariDataSource - HikariPool-1 - Shutdown completed.
2026-02-20 05:20:18 [background-preinit] INFO  o.h.validator.internal.util.Version - HV000001: Hibernate Validator 8.0.2.Final
2026-02-20 05:20:18 [restartedMain] INFO  c.b.o.backendSpringApplication - Starting backendSpringApplication using Java 17.0.18 with PID 6993 (/home/ubuntu/onemore_project/one-more-springbackend-server/backend-spring/build/classes/java/main started by ubuntu in /home/ubuntu/onemore_project/one-more-springbackend-server/backend-spring)
2026-02-20 05:20:18 [restartedMain] DEBUG c.b.o.backendSpringApplication - Running with Spring Boot v3.4.1, Spring v6.2.1
2026-02-20 05:20:18 [restartedMain] INFO  c.b.o.backendSpringApplication - The following 1 profile is active: "prod"
2026-02-20 05:20:18 [restartedMain] INFO  o.s.b.d.e.DevToolsPropertyDefaultsPostProcessor - Devtools property defaults active! Set 'spring.devtools.add-properties' to 'false' to disable
2026-02-20 05:20:18 [restartedMain] INFO  o.s.b.d.e.DevToolsPropertyDefaultsPostProcessor - For additional web related logging consider setting the 'logging.level.web' property to 'DEBUG'
2026-02-20 05:20:19 [restartedMain] INFO  o.s.d.r.c.RepositoryConfigurationDelegate - Bootstrapping Spring Data JPA repositories in DEFAULT mode.
2026-02-20 05:20:19 [restartedMain] INFO  o.s.d.r.c.RepositoryConfigurationDelegate - Finished Spring Data repository scanning in 129 ms. Found 3 JPA repository interfaces.
2026-02-20 05:20:20 [restartedMain] INFO  o.s.b.w.e.tomcat.TomcatWebServer - Tomcat initialized with port 8080 (http)
2026-02-20 05:20:20 [restartedMain] INFO  o.a.coyote.http11.Http11NioProtocol - Initializing ProtocolHandler ["http-nio-8080"]
2026-02-20 05:20:20 [restartedMain] INFO  o.a.catalina.core.StandardService - Starting service [Tomcat]
2026-02-20 05:20:20 [restartedMain] INFO  o.a.catalina.core.StandardEngine - Starting Servlet engine: [Apache Tomcat/10.1.34]
2026-02-20 05:20:20 [restartedMain] INFO  o.a.c.c.C.[Tomcat].[localhost].[/] - Initializing Spring embedded WebApplicationContext
2026-02-20 05:20:20 [restartedMain] INFO  o.s.b.w.s.c.ServletWebServerApplicationContext - Root WebApplicationContext: initialization completed in 2193 ms
2026-02-20 05:20:20 [restartedMain] INFO  o.h.jpa.internal.util.LogHelper - HHH000204: Processing PersistenceUnitInfo [name: default]
2026-02-20 05:20:20 [restartedMain] INFO  org.hibernate.Version - HHH000412: Hibernate ORM core version 6.6.4.Final
2026-02-20 05:20:20 [restartedMain] INFO  o.h.c.i.RegionFactoryInitiator - HHH000026: Second-level cache disabled
2026-02-20 05:20:21 [restartedMain] INFO  o.s.o.j.p.SpringPersistenceUnitInfo - No LoadTimeWeaver setup: ignoring JPA class transformer
2026-02-20 05:20:21 [restartedMain] INFO  com.zaxxer.hikari.HikariDataSource - HikariPool-1 - Starting...
2026-02-20 05:20:21 [restartedMain] INFO  com.zaxxer.hikari.pool.HikariPool - HikariPool-1 - Added connection org.postgresql.jdbc.PgConnection@6e3fb6f6
2026-02-20 05:20:21 [restartedMain] INFO  com.zaxxer.hikari.HikariDataSource - HikariPool-1 - Start completed.
2026-02-20 05:20:21 [restartedMain] WARN  org.hibernate.orm.deprecation - HHH90000025: PostgreSQLDialect does not need to be specified explicitly using 'hibernate.dialect' (remove the property setting and it will be selected by default)
2026-02-20 05:20:21 [restartedMain] INFO  o.hibernate.orm.connections.pooling - HHH10001005: Database info:
	Database JDBC URL [Connecting through datasource 'HikariDataSource (HikariPool-1)']
	Database driver: undefined/unknown
	Database version: 17.6
	Autocommit mode: undefined/unknown
	Isolation level: undefined/unknown
	Minimum pool size: undefined/unknown
	Maximum pool size: undefined/unknown
2026-02-20 05:20:22 [restartedMain] INFO  o.h.e.t.j.p.i.JtaPlatformInitiator - HHH000489: No JTA platform available (set 'hibernate.transaction.jta.platform' to enable JTA platform integration)
2026-02-20 05:20:22 [restartedMain] INFO  o.s.o.j.LocalContainerEntityManagerFactoryBean - Initialized JPA EntityManagerFactory for persistence unit 'default'
2026-02-20 05:20:22 [restartedMain] INFO  o.s.d.j.r.query.QueryEnhancerFactory - Hibernate is in classpath; If applicable, HQL parser will be used.
2026-02-20 05:20:23 [restartedMain] INFO  c.b.o.i.ai.RealAiClientService - [prod] RealAiClientService가 초기화되었습니다. Target URL: http://one-more-lb-1143531047.us-east-1.elb.amazonaws.com
2026-02-20 05:20:23 [restartedMain] WARN  o.s.b.a.o.j.JpaBaseConfiguration$JpaWebConfiguration - spring.jpa.open-in-view is enabled by default. Therefore, database queries may be performed during view rendering. Explicitly configure spring.jpa.open-in-view to disable this warning
2026-02-20 05:20:24 [restartedMain] INFO  o.s.b.d.a.OptionalLiveReloadServer - LiveReload server is running on port 35729
2026-02-20 05:20:24 [restartedMain] INFO  o.a.coyote.http11.Http11NioProtocol - Starting ProtocolHandler ["http-nio-8080"]
2026-02-20 05:20:24 [restartedMain] INFO  o.s.b.w.e.tomcat.TomcatWebServer - Tomcat started on port 8080 (http) with context path '/'
2026-02-20 05:20:24 [restartedMain] INFO  c.b.o.backendSpringApplication - Started backendSpringApplication in 6.552 seconds (process running for 7.178)
2026-02-20 05:20:37 [http-nio-8080-exec-2] INFO  o.a.c.c.C.[Tomcat].[localhost].[/] - Initializing Spring DispatcherServlet 'dispatcherServlet'
2026-02-20 05:20:37 [http-nio-8080-exec-2] INFO  o.s.web.servlet.DispatcherServlet - Initializing Servlet 'dispatcherServlet'
2026-02-20 05:20:37 [http-nio-8080-exec-2] INFO  o.s.web.servlet.DispatcherServlet - Completed initialization in 2 ms
2026-02-20 05:25:19 [SpringApplicationShutdownHook] INFO  o.s.b.w.e.tomcat.GracefulShutdown - Commencing graceful shutdown. Waiting for active requests to complete
2026-02-20 05:25:19 [tomcat-shutdown] INFO  o.s.b.w.e.tomcat.GracefulShutdown - Graceful shutdown complete
2026-02-20 05:25:19 [SpringApplicationShutdownHook] INFO  o.s.o.j.LocalContainerEntityManagerFactoryBean - Closing JPA EntityManagerFactory for persistence unit 'default'
2026-02-20 05:25:19 [SpringApplicationShutdownHook] INFO  com.zaxxer.hikari.HikariDataSource - HikariPool-1 - Shutdown initiated...
2026-02-20 05:25:19 [SpringApplicationShutdownHook] INFO  com.zaxxer.hikari.HikariDataSource - HikariPool-1 - Shutdown completed.
2026-02-20 05:35:27 [background-preinit] INFO  o.h.validator.internal.util.Version - HV000001: Hibernate Validator 8.0.2.Final
2026-02-20 05:35:27 [restartedMain] INFO  c.b.o.backendSpringApplication - Starting backendSpringApplication using Java 17.0.18 with PID 9941 (/home/ubuntu/onemore_project/one-more-springbackend-server/backend-spring/build/classes/java/main started by ubuntu in /home/ubuntu/onemore_project/one-more-springbackend-server/backend-spring)
2026-02-20 05:35:27 [restartedMain] DEBUG c.b.o.backendSpringApplication - Running with Spring Boot v3.4.1, Spring v6.2.1
2026-02-20 05:35:27 [restartedMain] INFO  c.b.o.backendSpringApplication - The following 1 profile is active: "prod"
2026-02-20 05:35:27 [restartedMain] INFO  o.s.b.d.e.DevToolsPropertyDefaultsPostProcessor - Devtools property defaults active! Set 'spring.devtools.add-properties' to 'false' to disable
2026-02-20 05:35:27 [restartedMain] INFO  o.s.b.d.e.DevToolsPropertyDefaultsPostProcessor - For additional web related logging consider setting the 'logging.level.web' property to 'DEBUG'
2026-02-20 05:35:29 [restartedMain] INFO  o.s.d.r.c.RepositoryConfigurationDelegate - Bootstrapping Spring Data JPA repositories in DEFAULT mode.
2026-02-20 05:35:29 [restartedMain] INFO  o.s.d.r.c.RepositoryConfigurationDelegate - Finished Spring Data repository scanning in 133 ms. Found 3 JPA repository interfaces.
2026-02-20 05:35:30 [restartedMain] INFO  o.s.b.w.e.tomcat.TomcatWebServer - Tomcat initialized with port 8080 (http)
2026-02-20 05:35:30 [restartedMain] INFO  o.a.coyote.http11.Http11NioProtocol - Initializing ProtocolHandler ["http-nio-8080"]
2026-02-20 05:35:30 [restartedMain] INFO  o.a.catalina.core.StandardService - Starting service [Tomcat]
2026-02-20 05:35:30 [restartedMain] INFO  o.a.catalina.core.StandardEngine - Starting Servlet engine: [Apache Tomcat/10.1.34]
2026-02-20 05:35:30 [restartedMain] INFO  o.a.c.c.C.[Tomcat].[localhost].[/] - Initializing Spring embedded WebApplicationContext
2026-02-20 05:35:30 [restartedMain] INFO  o.s.b.w.s.c.ServletWebServerApplicationContext - Root WebApplicationContext: initialization completed in 2258 ms
2026-02-20 05:35:30 [restartedMain] INFO  o.h.jpa.internal.util.LogHelper - HHH000204: Processing PersistenceUnitInfo [name: default]
2026-02-20 05:35:30 [restartedMain] INFO  org.hibernate.Version - HHH000412: Hibernate ORM core version 6.6.4.Final
2026-02-20 05:35:30 [restartedMain] INFO  o.h.c.i.RegionFactoryInitiator - HHH000026: Second-level cache disabled
2026-02-20 05:35:30 [restartedMain] INFO  o.s.o.j.p.SpringPersistenceUnitInfo - No LoadTimeWeaver setup: ignoring JPA class transformer
2026-02-20 05:35:30 [restartedMain] INFO  com.zaxxer.hikari.HikariDataSource - HikariPool-1 - Starting...
2026-02-20 05:35:31 [restartedMain] INFO  com.zaxxer.hikari.pool.HikariPool - HikariPool-1 - Added connection org.postgresql.jdbc.PgConnection@5f38f7cd
2026-02-20 05:35:31 [restartedMain] INFO  com.zaxxer.hikari.HikariDataSource - HikariPool-1 - Start completed.
2026-02-20 05:35:31 [restartedMain] WARN  org.hibernate.orm.deprecation - HHH90000025: PostgreSQLDialect does not need to be specified explicitly using 'hibernate.dialect' (remove the property setting and it will be selected by default)
2026-02-20 05:35:31 [restartedMain] INFO  o.hibernate.orm.connections.pooling - HHH10001005: Database info:
	Database JDBC URL [Connecting through datasource 'HikariDataSource (HikariPool-1)']
	Database driver: undefined/unknown
	Database version: 17.6
	Autocommit mode: undefined/unknown
	Isolation level: undefined/unknown
	Minimum pool size: undefined/unknown
	Maximum pool size: undefined/unknown
2026-02-20 05:35:32 [restartedMain] INFO  o.h.e.t.j.p.i.JtaPlatformInitiator - HHH000489: No JTA platform available (set 'hibernate.transaction.jta.platform' to enable JTA platform integration)
2026-02-20 05:35:32 [restartedMain] INFO  o.s.o.j.LocalContainerEntityManagerFactoryBean - Initialized JPA EntityManagerFactory for persistence unit 'default'
2026-02-20 05:35:32 [restartedMain] INFO  o.s.d.j.r.query.QueryEnhancerFactory - Hibernate is in classpath; If applicable, HQL parser will be used.
2026-02-20 05:35:33 [restartedMain] INFO  c.b.o.i.ai.RealAiClientService - [prod] RealAiClientService가 초기화되었습니다. Target URL: http://one-more-lb-1143531047.us-east-1.elb.amazonaws.com
2026-02-20 05:35:33 [restartedMain] WARN  o.s.b.a.o.j.JpaBaseConfiguration$JpaWebConfiguration - spring.jpa.open-in-view is enabled by default. Therefore, database queries may be performed during view rendering. Explicitly configure spring.jpa.open-in-view to disable this warning
2026-02-20 05:35:33 [restartedMain] INFO  o.s.b.d.a.OptionalLiveReloadServer - LiveReload server is running on port 35729
2026-02-20 05:35:33 [restartedMain] INFO  o.a.coyote.http11.Http11NioProtocol - Starting ProtocolHandler ["http-nio-8080"]
2026-02-20 05:35:33 [restartedMain] INFO  o.s.b.w.e.tomcat.TomcatWebServer - Tomcat started on port 8080 (http) with context path '/'
2026-02-20 05:35:33 [restartedMain] INFO  c.b.o.backendSpringApplication - Started backendSpringApplication in 6.522 seconds (process running for 7.116)
2026-02-20 05:35:37 [http-nio-8080-exec-1] INFO  o.a.c.c.C.[Tomcat].[localhost].[/] - Initializing Spring DispatcherServlet 'dispatcherServlet'
2026-02-20 05:35:37 [http-nio-8080-exec-1] INFO  o.s.web.servlet.DispatcherServlet - Initializing Servlet 'dispatcherServlet'
2026-02-20 05:35:37 [http-nio-8080-exec-1] INFO  o.s.web.servlet.DispatcherServlet - Completed initialization in 2 ms
2026-02-20 05:36:54 [SpringApplicationShutdownHook] INFO  o.s.b.w.e.tomcat.GracefulShutdown - Commencing graceful shutdown. Waiting for active requests to complete
2026-02-20 05:36:54 [tomcat-shutdown] INFO  o.s.b.w.e.tomcat.GracefulShutdown - Graceful shutdown complete
2026-02-20 05:36:54 [SpringApplicationShutdownHook] INFO  o.s.o.j.LocalContainerEntityManagerFactoryBean - Closing JPA EntityManagerFactory for persistence unit 'default'
2026-02-20 05:36:54 [SpringApplicationShutdownHook] INFO  com.zaxxer.hikari.HikariDataSource - HikariPool-1 - Shutdown initiated...
2026-02-20 05:36:54 [SpringApplicationShutdownHook] INFO  com.zaxxer.hikari.HikariDataSource - HikariPool-1 - Shutdown completed.
